<?xml version="1.0" encoding="UTF-8"?>
<!-- Generated by org.testng.reporters.JUnitReportReporter -->
<testsuite hostname="DESKTOP-LEFF5SO" failures="0" tests="6" name="ALMosaferWEb.MyTestCases" time="2.407" errors="0" timestamp="2024-02-03T17:51:14 EET" skipped="5">
  <testcase classname="ALMosaferWEb.MyTestCases" name="Changelanguage" time="2.407"/>
  <system-out/>
  <testcase classname="ALMosaferWEb.MyTestCases" name="CheckHotel">
    <skipped/>
  </testcase> <!-- CheckHotel -->
  <system-out/>
  <testcase classname="ALMosaferWEb.MyTestCases" name="CheckCurrency">
    <skipped/>
  </testcase> <!-- CheckCurrency -->
  <system-out/>
  <testcase classname="ALMosaferWEb.MyTestCases" name="CheckLogo">
    <skipped/>
  </testcase> <!-- CheckLogo -->
  <system-out/>
  <testcase classname="ALMosaferWEb.MyTestCases" name="CheckNumber">
    <skipped/>
  </testcase> <!-- CheckNumber -->
  <system-out/>
  <testcase classname="ALMosaferWEb.MyTestCases" name="CheckLanguage">
    <skipped/>
  </testcase> <!-- CheckLanguage -->
  <system-out/>
</testsuite> <!-- ALMosaferWEb.MyTestCases -->
